<?xml version="1.0" encoding="UTF-8"?>
<!-- Generated by org.testng.reporters.JUnitXMLReporter -->
<testsuite ignored="2" hostname="LAPTOP-D3D6H7R8" failures="0" tests="6" name="Test-Runner-chrome " time="111.364" errors="0" timestamp="2021-08-24T18:09:35 IST">
  <testcase classname="com.vtiger.comcast.organizationTest.CreateOrganizationTest" name="createOrgMarketing" time="18.377"/>
  <testcase classname="com.vtiger.comcast.organizationTest.CreateOrganizationTest" name="createOrgWithRating" time="16.817"/>
  <testcase classname="com.vtiger.comcast.organizationTest.CreateOrganizationTest" name="createorgtest" time="16.545"/>
  <testcase classname="com.comcast.contactTest.CreateContactTest" name="createcontact" time="0.002"/>
  <testcase classname="com.comcast.contactTest.CreateContactTest" name="deleteContact" time="0.001"/>
  <testcase classname="com.comcast.contactTest.CreateContactTest" name="modifyContact" time="0.0"/>
  <testcase classname="com.vtiger.comcast.genericUtility.BaseClass" name="@AfterSuite configureAS" time="0.0">
    <ignored/>
  </testcase> <!-- @AfterSuite configureAS -->
  <testcase classname="com.vtiger.comcast.genericUtility.BaseClass" name="@BeforeSuite confiureBS" time="0.0">
    <ignored/>
  </testcase> <!-- @BeforeSuite confiureBS -->
</testsuite> <!-- Test-Runner-chrome  -->
