<?xml version="1.0" encoding="UTF-8"?>
<!-- Generated by org.testng.reporters.JUnitReportReporter -->
<testsuite hostname="LAPTOP-D3D6H7R8" failures="0" tests="1" name="com.vtiger.comcast.organizationTest.CreateOrganizationPOM" time="22.615" errors="0" timestamp="2021-08-23T19:13:28 IST" skipped="0">
  <testcase classname="com.vtiger.comcast.organizationTest.CreateOrganizationPOM" name="createorg" time="22.615"/>
  <system-out/>
</testsuite> <!-- com.vtiger.comcast.organizationTest.CreateOrganizationPOM -->
