<?xml version="1.0" encoding="UTF-8"?>
<!-- Generated by org.testng.reporters.JUnitReportReporter -->
<testsuite hostname="LAPTOP-D3D6H7R8" failures="0" tests="3" name="com.comcast.contactTest.CreateContactTest" time="14.548" errors="0" timestamp="2021-08-26T11:03:01 IST" skipped="0">
  <testcase classname="com.comcast.contactTest.CreateContactTest" name="deleteContact" time="5.352"/>
  <system-out/>
  <testcase classname="com.comcast.contactTest.CreateContactTest" name="modifyContact" time="4.554"/>
  <system-out/>
  <testcase classname="com.comcast.contactTest.CreateContactTest" name="createcontact" time="4.642"/>
  <system-out/>
</testsuite> <!-- com.comcast.contactTest.CreateContactTest -->
