<?xml version="1.0" encoding="UTF-8"?>
<!-- Generated by org.testng.reporters.JUnitReportReporter -->
<testsuite hostname="LAPTOP-D3D6H7R8" failures="0" tests="1" name="com.vtiger.comcast.organizationTest.CreateOrganizationWithMarketingUsingPOM" time="12.738" errors="0" timestamp="2021-08-23T10:58:31 IST" skipped="0">
  <testcase classname="com.vtiger.comcast.organizationTest.CreateOrganizationWithMarketingUsingPOM" name="createorgwithmar" time="12.738"/>
  <system-out/>
</testsuite> <!-- com.vtiger.comcast.organizationTest.CreateOrganizationWithMarketingUsingPOM -->
