<?xml version="1.0" encoding="UTF-8"?>
<!-- Generated by org.testng.reporters.JUnitReportReporter -->
<testsuite hostname="LAPTOP-D3D6H7R8" failures="0" tests="3" name="com.vtiger.comcast.organizationTest.Demo1" time="62.849" errors="0" timestamp="2021-08-23T16:45:07 IST" skipped="0">
  <testcase classname="com.vtiger.comcast.organizationTest.Demo1" name="createorgtest" time="21.902"/>
  <system-out/>
  <testcase classname="com.vtiger.comcast.organizationTest.Demo1" name="createOrgMarketing" time="19.057"/>
  <system-out/>
  <testcase classname="com.vtiger.comcast.organizationTest.Demo1" name="createOrgWithRating" time="21.890"/>
  <system-out/>
</testsuite> <!-- com.vtiger.comcast.organizationTest.Demo1 -->
