<?xml version="1.0" encoding="UTF-8"?>
<!-- Generated by org.testng.reporters.JUnitReportReporter -->
<testsuite hostname="LAPTOP-D3D6H7R8" failures="0" tests="1" name="com.vtiger.comcast.organizationTest.CreateOrganizationTest" time="26.412" errors="0" timestamp="2021-08-27T18:12:41 IST" skipped="0">
  <testcase classname="com.vtiger.comcast.organizationTest.CreateOrganizationTest" name="createOrgWithRatingTest" time="26.412"/>
  <system-out/>
</testsuite> <!-- com.vtiger.comcast.organizationTest.CreateOrganizationTest -->
