<?xml version="1.0" encoding="UTF-8"?>
<!-- Generated by org.testng.reporters.JUnitReportReporter -->
<testsuite hostname="LAPTOP-D3D6H7R8" failures="0" tests="2" name="com.comcast.contactTest.Reports" time="24.940" errors="0" timestamp="2021-08-25T14:00:28 IST" skipped="0">
  <testcase classname="com.comcast.contactTest.Reports" name="home" time="13.927"/>
  <system-out/>
  <testcase classname="com.comcast.contactTest.Reports" name="login" time="11.013"/>
  <system-out/>
</testsuite> <!-- com.comcast.contactTest.Reports -->
