<?xml version="1.0" encoding="UTF-8"?>
<!-- Generated by org.testng.reporters.JUnitReportReporter -->
<testsuite hostname="LAPTOP-D3D6H7R8" failures="0" tests="1" name="pac.Demo1" time="0.007" errors="0" timestamp="2021-08-19T17:52:27 IST" skipped="0">
  <testcase classname="pac.Demo1" name="add" time="0.007"/>
  <system-out/>
</testsuite> <!-- pac.Demo1 -->
